# Logfile created on 2014-04-12 04:27:23 +0800 by logger.rb/44203
I, [2014-04-12T04:27:23.488890 #79506]  INFO -- : 0:  i18n (0.6.9) from /Users/eddie/.rvm/gems/ruby-2.1.0/specifications/i18n-0.6.9.gemspec
I, [2014-04-12T04:27:23.489547 #79506]  INFO -- : 0:  json (1.8.1) from /Users/eddie/.rvm/rubies/ruby-2.1.0/lib/ruby/gems/2.1.0/specifications/default/json-1.8.1.gemspec
I, [2014-04-12T04:27:24.902520 #79506]  INFO -- : 0:  minitest (5.3.2) from /Users/eddie/.rvm/gems/ruby-2.1.0/specifications/minitest-5.3.2.gemspec
I, [2014-04-12T04:27:24.903042 #79506]  INFO -- : 0:  thread_safe (0.3.3) from /Users/eddie/.rvm/gems/ruby-2.1.0/specifications/thread_safe-0.3.3.gemspec
I, [2014-04-12T04:27:25.617248 #79506]  INFO -- : 0:  tzinfo (1.1.0) from /Users/eddie/.rvm/gems/ruby-2.1.0/specifications/tzinfo-1.1.0.gemspec
E, [2014-04-12T04:27:28.550005 #79506] ERROR -- : SystemExit: exit
/Users/eddie/.rvm/gems/ruby-2.1.0@global/gems/bundler-1.5.1/bin/bundle:4:in `exit'  \n/Users/eddie/.rvm/gems/ruby-2.1.0@global/gems/bundler-1.5.1/bin/bundle:4:in `block in <top (required)>'  \n/Users/eddie/.rvm/rubies/ruby-2.1.0/lib/ruby/site_ruby/2.1.0/rubygems/package/tar_reader/entry.rb:129:in `call'  \n/Users/eddie/.rvm/rubies/ruby-2.1.0/lib/ruby/site_ruby/2.1.0/rubygems/package/tar_reader/entry.rb:129:in `read'  \n/Users/eddie/.rvm/rubies/ruby-2.1.0/lib/ruby/site_ruby/2.1.0/rubygems/package.rb:360:in `block (3 levels) in extract_tar_gz'  \n/Users/eddie/.rvm/rubies/ruby-2.1.0/lib/ruby/2.1.0/open-uri.rb:36:in `open'  \n/Users/eddie/.rvm/rubies/ruby-2.1.0/lib/ruby/2.1.0/open-uri.rb:36:in `open'  \n/Users/eddie/.rvm/rubies/ruby-2.1.0/lib/ruby/site_ruby/2.1.0/rubygems/package.rb:359:in `block (2 levels) in extract_tar_gz'  \n/Users/eddie/.rvm/rubies/ruby-2.1.0/lib/ruby/site_ruby/2.1.0/rubygems/package/tar_reader.rb:64:in `each'  \n/Users/eddie/.rvm/rubies/ruby-2.1.0/lib/ruby/site_ruby/2.1.0/rubygems/package.rb:341:in `block in extract_tar_gz'  \n/Users/eddie/.rvm/rubies/ruby-2.1.0/lib/ruby/site_ruby/2.1.0/rubygems/package.rb:432:in `block in open_tar_gz'  \n/Users/eddie/.rvm/rubies/ruby-2.1.0/lib/ruby/site_ruby/2.1.0/rubygems/package.rb:429:in `wrap'  \n/Users/eddie/.rvm/rubies/ruby-2.1.0/lib/ruby/site_ruby/2.1.0/rubygems/package.rb:429:in `open_tar_gz'  \n/Users/eddie/.rvm/rubies/ruby-2.1.0/lib/ruby/site_ruby/2.1.0/rubygems/package.rb:340:in `extract_tar_gz'  \n/Users/eddie/.rvm/rubies/ruby-2.1.0/lib/ruby/site_ruby/2.1.0/rubygems/package.rb:321:in `block (2 levels) in extract_files'  \n/Users/eddie/.rvm/rubies/ruby-2.1.0/lib/ruby/site_ruby/2.1.0/rubygems/package/tar_reader.rb:64:in `each'  \n/Users/eddie/.rvm/rubies/ruby-2.1.0/lib/ruby/site_ruby/2.1.0/rubygems/package.rb:318:in `block in extract_files'  \n/Users/eddie/.rvm/rubies/ruby-2.1.0/lib/ruby/2.1.0/open-uri.rb:36:in `open'  \n/Users/eddie/.rvm/rubies/ruby-2.1.0/lib/ruby/2.1.0/open-uri.rb:36:in `open'  \n/Users/eddie/.rvm/rubies/ruby-2.1.0/lib/ruby/site_ruby/2.1.0/rubygems/package.rb:315:in `extract_files'  \n/Users/eddie/.rvm/rubies/ruby-2.1.0/lib/ruby/site_ruby/2.1.0/rubygems/installer.rb:697:in `extract_files'  \n/Users/eddie/.rvm/rubies/ruby-2.1.0/lib/ruby/site_ruby/2.1.0/rubygems/installer.rb:230:in `install'  \n/Users/eddie/.rvm/gems/ruby-2.1.0@global/gems/bundler-1.5.1/lib/bundler/source/rubygems.rb:101:in `block in install'  \n/Users/eddie/.rvm/gems/ruby-2.1.0@global/gems/bundler-1.5.1/lib/bundler/rubygems_integration.rb:118:in `preserve_paths'  \n/Users/eddie/.rvm/gems/ruby-2.1.0@global/gems/bundler-1.5.1/lib/bundler/source/rubygems.rb:94:in `install'  \n/Users/eddie/.rvm/gems/ruby-2.1.0@global/gems/bundler-1.5.1/lib/bundler/installer.rb:111:in `block in install_gem_from_spec'  \n/Users/eddie/.rvm/gems/ruby-2.1.0@global/gems/bundler-1.5.1/lib/bundler/rubygems_integration.rb:150:in `with_build_args'  \n/Users/eddie/.rvm/gems/ruby-2.1.0@global/gems/bundler-1.5.1/lib/bundler/installer.rb:110:in `install_gem_from_spec'  \n/Users/eddie/.rvm/gems/ruby-2.1.0@global/gems/bundler-1.5.1/lib/bundler/installer.rb:295:in `block in install_sequentially'  \n/Users/eddie/.rvm/rubies/ruby-2.1.0/lib/ruby/2.1.0/forwardable.rb:183:in `each'  \n/Users/eddie/.rvm/rubies/ruby-2.1.0/lib/ruby/2.1.0/forwardable.rb:183:in `each'  \n/Users/eddie/.rvm/gems/ruby-2.1.0@global/gems/bundler-1.5.1/lib/bundler/installer.rb:294:in `install_sequentially'  \n/Users/eddie/.rvm/gems/ruby-2.1.0@global/gems/bundler-1.5.1/lib/bundler/installer.rb:97:in `run'  \n/Users/eddie/.rvm/gems/ruby-2.1.0@global/gems/bundler-1.5.1/lib/bundler/installer.rb:15:in `install'  \n/Users/eddie/.rvm/gems/ruby-2.1.0@global/gems/bundler-1.5.1/lib/bundler/cli.rb:257:in `install'  \n/Users/eddie/.rvm/gems/ruby-2.1.0@global/gems/bundler-1.5.1/lib/bundler/vendor/thor/command.rb:27:in `run'  \n/Users/eddie/.rvm/gems/ruby-2.1.0@global/gems/bundler-1.5.1/lib/bundler/vendor/thor/invocation.rb:120:in `invoke_command'  \n/Users/eddie/.rvm/gems/ruby-2.1.0@global/gems/bundler-1.5.1/lib/bundler/vendor/thor.rb:363:in `dispatch'  \n/Users/eddie/.rvm/gems/ruby-2.1.0@global/gems/bundler-1.5.1/lib/bundler/vendor/thor/base.rb:438:in `start'  \n/Users/eddie/.rvm/gems/ruby-2.1.0@global/gems/bundler-1.5.1/lib/bundler/cli.rb:10:in `start'  \n/Users/eddie/.rvm/gems/ruby-2.1.0@global/gems/bundler-1.5.1/bin/bundle:22:in `block in <top (required)>'  \n/Users/eddie/.rvm/gems/ruby-2.1.0@global/gems/bundler-1.5.1/lib/bundler/friendly_errors.rb:5:in `with_friendly_errors'  \n/Users/eddie/.rvm/gems/ruby-2.1.0@global/gems/bundler-1.5.1/bin/bundle:22:in `<top (required)>'  \n/Users/eddie/.rvm/gems/ruby-2.1.0@global/bin/bundle:23:in `load'  \n/Users/eddie/.rvm/gems/ruby-2.1.0@global/bin/bundle:23:in `<main>'  \n/Users/eddie/.rvm/gems/ruby-2.1.0/bin/ruby_executable_hooks:15:in `eval'  \n/Users/eddie/.rvm/gems/ruby-2.1.0/bin/ruby_executable_hooks:15:in `<main>'
I, [2014-04-12T04:27:37.596816 #79519]  INFO -- : 0:  i18n (0.6.9) from /Users/eddie/.rvm/gems/ruby-2.1.0/specifications/i18n-0.6.9.gemspec
I, [2014-04-12T04:27:37.597808 #79519]  INFO -- : 0:  json (1.8.1) from /Users/eddie/.rvm/rubies/ruby-2.1.0/lib/ruby/gems/2.1.0/specifications/default/json-1.8.1.gemspec
I, [2014-04-12T04:27:37.598360 #79519]  INFO -- : 0:  minitest (5.3.2) from /Users/eddie/.rvm/gems/ruby-2.1.0/specifications/minitest-5.3.2.gemspec
I, [2014-04-12T04:27:37.598855 #79519]  INFO -- : 0:  thread_safe (0.3.3) from /Users/eddie/.rvm/gems/ruby-2.1.0/specifications/thread_safe-0.3.3.gemspec
I, [2014-04-12T04:27:37.599780 #79519]  INFO -- : 0:  tzinfo (1.1.0) from /Users/eddie/.rvm/gems/ruby-2.1.0/specifications/tzinfo-1.1.0.gemspec
I, [2014-04-12T04:27:37.824451 #79519]  INFO -- : 0:  activesupport (4.1.0) from /Users/eddie/.rvm/gems/ruby-2.1.0/specifications/activesupport-4.1.0.gemspec
I, [2014-04-12T04:27:37.824913 #79519]  INFO -- : 0:  diff-lcs (1.2.5) from /Users/eddie/.rvm/gems/ruby-2.1.0/specifications/diff-lcs-1.2.5.gemspec
I, [2014-04-12T04:27:37.826898 #79519]  INFO -- : 0:  esun (0.0.1) from /Users/eddie/Rails/gems/esun/esun.gemspec
I, [2014-04-12T04:27:37.827478 #79519]  INFO -- : 0:  rspec-core (2.14.8) from /Users/eddie/.rvm/gems/ruby-2.1.0/specifications/rspec-core-2.14.8.gemspec
I, [2014-04-12T04:27:37.827904 #79519]  INFO -- : 0:  rspec-expectations (2.14.5) from /Users/eddie/.rvm/gems/ruby-2.1.0/specifications/rspec-expectations-2.14.5.gemspec
I, [2014-04-12T04:27:37.828303 #79519]  INFO -- : 0:  rspec-mocks (2.14.6) from /Users/eddie/.rvm/gems/ruby-2.1.0/specifications/rspec-mocks-2.14.6.gemspec
I, [2014-04-12T04:27:37.829696 #79519]  INFO -- : 0:  rspec (2.14.1) from /Users/eddie/.rvm/gems/ruby-2.1.0/specifications/rspec-2.14.1.gemspec
I, [2014-04-12T04:27:37.830337 #79519]  INFO -- : 0:  bundler (1.5.1) from /Users/eddie/.rvm/gems/ruby-2.1.0@global/specifications/bundler-1.5.1.gemspec
I, [2014-04-13T02:10:00.593490 #960]  INFO -- : 0:  rake (10.2.2) from /Users/eddie/.rvm/gems/ruby-2.1.0/specifications/rake-10.2.2.gemspec
I, [2014-04-13T02:10:00.599167 #960]  INFO -- : 0:  i18n (0.6.9) from /Users/eddie/.rvm/gems/ruby-2.1.0/specifications/i18n-0.6.9.gemspec
I, [2014-04-13T02:10:00.599900 #960]  INFO -- : 0:  minitest (4.7.5) from /Users/eddie/.rvm/rubies/ruby-2.1.0/lib/ruby/gems/2.1.0/specifications/default/minitest-4.7.5.gemspec
I, [2014-04-13T02:10:00.600582 #960]  INFO -- : 0:  multi_json (1.9.2) from /Users/eddie/.rvm/gems/ruby-2.1.0/specifications/multi_json-1.9.2.gemspec
I, [2014-04-13T02:10:00.601137 #960]  INFO -- : 0:  thread_safe (0.3.3) from /Users/eddie/.rvm/gems/ruby-2.1.0/specifications/thread_safe-0.3.3.gemspec
I, [2014-04-13T02:10:00.601921 #960]  INFO -- : 0:  tzinfo (0.3.39) from /Users/eddie/.rvm/gems/ruby-2.1.0/specifications/tzinfo-0.3.39.gemspec
I, [2014-04-13T02:10:00.602571 #960]  INFO -- : 0:  activesupport (4.0.4) from /Users/eddie/.rvm/gems/ruby-2.1.0/specifications/activesupport-4.0.4.gemspec
I, [2014-04-13T02:10:00.603174 #960]  INFO -- : 0:  builder (3.1.4) from /Users/eddie/.rvm/gems/ruby-2.1.0/specifications/builder-3.1.4.gemspec
I, [2014-04-13T02:10:00.603783 #960]  INFO -- : 0:  erubis (2.7.0) from /Users/eddie/.rvm/gems/ruby-2.1.0/specifications/erubis-2.7.0.gemspec
I, [2014-04-13T02:10:00.604396 #960]  INFO -- : 0:  rack (1.5.2) from /Users/eddie/.rvm/gems/ruby-2.1.0/specifications/rack-1.5.2.gemspec
I, [2014-04-13T02:10:00.604996 #960]  INFO -- : 0:  rack-test (0.6.2) from /Users/eddie/.rvm/gems/ruby-2.1.0/specifications/rack-test-0.6.2.gemspec
I, [2014-04-13T02:10:00.605524 #960]  INFO -- : 0:  actionpack (4.0.4) from /Users/eddie/.rvm/gems/ruby-2.1.0/specifications/actionpack-4.0.4.gemspec
I, [2014-04-13T02:10:00.605989 #960]  INFO -- : 0:  mime-types (1.25.1) from /Users/eddie/.rvm/gems/ruby-2.1.0/specifications/mime-types-1.25.1.gemspec
I, [2014-04-13T02:10:00.606455 #960]  INFO -- : 0:  polyglot (0.3.4) from /Users/eddie/.rvm/gems/ruby-2.1.0/specifications/polyglot-0.3.4.gemspec
I, [2014-04-13T02:10:00.607007 #960]  INFO -- : 0:  treetop (1.4.15) from /Users/eddie/.rvm/gems/ruby-2.1.0/specifications/treetop-1.4.15.gemspec
I, [2014-04-13T02:10:00.607604 #960]  INFO -- : 0:  mail (2.5.4) from /Users/eddie/.rvm/gems/ruby-2.1.0/specifications/mail-2.5.4.gemspec
I, [2014-04-13T02:10:00.608172 #960]  INFO -- : 0:  actionmailer (4.0.4) from /Users/eddie/.rvm/gems/ruby-2.1.0/specifications/actionmailer-4.0.4.gemspec
I, [2014-04-13T02:10:00.608665 #960]  INFO -- : 0:  activemodel (4.0.4) from /Users/eddie/.rvm/gems/ruby-2.1.0/specifications/activemodel-4.0.4.gemspec
I, [2014-04-13T02:10:00.609101 #960]  INFO -- : 0:  activerecord-deprecated_finders (1.0.3) from /Users/eddie/.rvm/gems/ruby-2.1.0/specifications/activerecord-deprecated_finders-1.0.3.gemspec
I, [2014-04-13T02:10:00.609530 #960]  INFO -- : 0:  arel (4.0.2) from /Users/eddie/.rvm/gems/ruby-2.1.0/specifications/arel-4.0.2.gemspec
I, [2014-04-13T02:10:00.609959 #960]  INFO -- : 0:  activerecord (4.0.4) from /Users/eddie/.rvm/gems/ruby-2.1.0/specifications/activerecord-4.0.4.gemspec
I, [2014-04-13T02:10:00.610363 #960]  INFO -- : 0:  bundler (1.5.1) from /Users/eddie/.rvm/gems/ruby-2.1.0@global/specifications/bundler-1.5.1.gemspec
I, [2014-04-13T02:10:00.610776 #960]  INFO -- : 0:  diff-lcs (1.2.5) from /Users/eddie/.rvm/gems/ruby-2.1.0/specifications/diff-lcs-1.2.5.gemspec
I, [2014-04-13T02:10:00.611167 #960]  INFO -- : 0:  thor (0.19.1) from /Users/eddie/.rvm/gems/ruby-2.1.0/specifications/thor-0.19.1.gemspec
I, [2014-04-13T02:10:00.611561 #960]  INFO -- : 0:  railties (4.0.4) from /Users/eddie/.rvm/gems/ruby-2.1.0/specifications/railties-4.0.4.gemspec
I, [2014-04-13T02:10:00.611923 #960]  INFO -- : 0:  hike (1.2.3) from /Users/eddie/.rvm/gems/ruby-2.1.0/specifications/hike-1.2.3.gemspec
I, [2014-04-13T02:10:00.612346 #960]  INFO -- : 0:  tilt (1.4.1) from /Users/eddie/.rvm/gems/ruby-2.1.0/specifications/tilt-1.4.1.gemspec
I, [2014-04-13T02:10:00.612959 #960]  INFO -- : 0:  sprockets (2.12.0) from /Users/eddie/.rvm/gems/ruby-2.1.0/specifications/sprockets-2.12.0.gemspec
I, [2014-04-13T02:10:00.613503 #960]  INFO -- : 0:  sprockets-rails (2.0.1) from /Users/eddie/.rvm/gems/ruby-2.1.0/specifications/sprockets-rails-2.0.1.gemspec
I, [2014-04-13T02:10:00.614017 #960]  INFO -- : 0:  rails (4.0.4) from /Users/eddie/.rvm/gems/ruby-2.1.0/specifications/rails-4.0.4.gemspec
I, [2014-04-13T02:10:00.640978 #960]  INFO -- : 0:  esun (0.0.1) from /Users/eddie/Rails/gems/esun/esun.gemspec
I, [2014-04-13T02:10:00.641477 #960]  INFO -- : 0:  rspec-core (2.14.8) from /Users/eddie/.rvm/gems/ruby-2.1.0/specifications/rspec-core-2.14.8.gemspec
I, [2014-04-13T02:10:00.641788 #960]  INFO -- : 0:  rspec-expectations (2.14.5) from /Users/eddie/.rvm/gems/ruby-2.1.0/specifications/rspec-expectations-2.14.5.gemspec
I, [2014-04-13T02:10:00.642111 #960]  INFO -- : 0:  rspec-mocks (2.14.6) from /Users/eddie/.rvm/gems/ruby-2.1.0/specifications/rspec-mocks-2.14.6.gemspec
I, [2014-04-13T02:10:00.642399 #960]  INFO -- : 0:  rspec (2.14.1) from /Users/eddie/.rvm/gems/ruby-2.1.0/specifications/rspec-2.14.1.gemspec
I, [2014-04-14T01:03:09.902006 #2326]  INFO -- : 0:  rake (10.2.2) from /Users/eddie/.rvm/gems/ruby-2.1.0/specifications/rake-10.2.2.gemspec
I, [2014-04-14T01:03:09.910060 #2326]  INFO -- : 0:  i18n (0.6.9) from /Users/eddie/.rvm/gems/ruby-2.1.0/specifications/i18n-0.6.9.gemspec
I, [2014-04-14T01:03:09.910578 #2326]  INFO -- : 0:  minitest (4.7.5) from /Users/eddie/.rvm/rubies/ruby-2.1.0/lib/ruby/gems/2.1.0/specifications/default/minitest-4.7.5.gemspec
I, [2014-04-14T01:03:09.911070 #2326]  INFO -- : 0:  multi_json (1.9.2) from /Users/eddie/.rvm/gems/ruby-2.1.0/specifications/multi_json-1.9.2.gemspec
I, [2014-04-14T01:03:09.911513 #2326]  INFO -- : 0:  thread_safe (0.3.3) from /Users/eddie/.rvm/gems/ruby-2.1.0/specifications/thread_safe-0.3.3.gemspec
I, [2014-04-14T01:03:09.911967 #2326]  INFO -- : 0:  tzinfo (0.3.39) from /Users/eddie/.rvm/gems/ruby-2.1.0/specifications/tzinfo-0.3.39.gemspec
I, [2014-04-14T01:03:09.912435 #2326]  INFO -- : 0:  activesupport (4.0.4) from /Users/eddie/.rvm/gems/ruby-2.1.0/specifications/activesupport-4.0.4.gemspec
I, [2014-04-14T01:03:09.912825 #2326]  INFO -- : 0:  builder (3.1.4) from /Users/eddie/.rvm/gems/ruby-2.1.0/specifications/builder-3.1.4.gemspec
I, [2014-04-14T01:03:09.913139 #2326]  INFO -- : 0:  erubis (2.7.0) from /Users/eddie/.rvm/gems/ruby-2.1.0/specifications/erubis-2.7.0.gemspec
I, [2014-04-14T01:03:09.913432 #2326]  INFO -- : 0:  rack (1.5.2) from /Users/eddie/.rvm/gems/ruby-2.1.0/specifications/rack-1.5.2.gemspec
I, [2014-04-14T01:03:09.913708 #2326]  INFO -- : 0:  rack-test (0.6.2) from /Users/eddie/.rvm/gems/ruby-2.1.0/specifications/rack-test-0.6.2.gemspec
I, [2014-04-14T01:03:09.914076 #2326]  INFO -- : 0:  actionpack (4.0.4) from /Users/eddie/.rvm/gems/ruby-2.1.0/specifications/actionpack-4.0.4.gemspec
I, [2014-04-14T01:03:09.914383 #2326]  INFO -- : 0:  mime-types (1.25.1) from /Users/eddie/.rvm/gems/ruby-2.1.0/specifications/mime-types-1.25.1.gemspec
I, [2014-04-14T01:03:09.914667 #2326]  INFO -- : 0:  polyglot (0.3.4) from /Users/eddie/.rvm/gems/ruby-2.1.0/specifications/polyglot-0.3.4.gemspec
I, [2014-04-14T01:03:09.914946 #2326]  INFO -- : 0:  treetop (1.4.15) from /Users/eddie/.rvm/gems/ruby-2.1.0/specifications/treetop-1.4.15.gemspec
I, [2014-04-14T01:03:09.915281 #2326]  INFO -- : 0:  mail (2.5.4) from /Users/eddie/.rvm/gems/ruby-2.1.0/specifications/mail-2.5.4.gemspec
I, [2014-04-14T01:03:09.915731 #2326]  INFO -- : 0:  actionmailer (4.0.4) from /Users/eddie/.rvm/gems/ruby-2.1.0/specifications/actionmailer-4.0.4.gemspec
I, [2014-04-14T01:03:09.916140 #2326]  INFO -- : 0:  activemodel (4.0.4) from /Users/eddie/.rvm/gems/ruby-2.1.0/specifications/activemodel-4.0.4.gemspec
I, [2014-04-14T01:03:09.916499 #2326]  INFO -- : 0:  activerecord-deprecated_finders (1.0.3) from /Users/eddie/.rvm/gems/ruby-2.1.0/specifications/activerecord-deprecated_finders-1.0.3.gemspec
I, [2014-04-14T01:03:09.916876 #2326]  INFO -- : 0:  arel (4.0.2) from /Users/eddie/.rvm/gems/ruby-2.1.0/specifications/arel-4.0.2.gemspec
I, [2014-04-14T01:03:09.917256 #2326]  INFO -- : 0:  activerecord (4.0.4) from /Users/eddie/.rvm/gems/ruby-2.1.0/specifications/activerecord-4.0.4.gemspec
I, [2014-04-14T01:03:09.917651 #2326]  INFO -- : 0:  bundler (1.5.1) from /Users/eddie/.rvm/gems/ruby-2.1.0@global/specifications/bundler-1.5.1.gemspec
I, [2014-04-14T01:03:09.918018 #2326]  INFO -- : 0:  diff-lcs (1.2.5) from /Users/eddie/.rvm/gems/ruby-2.1.0/specifications/diff-lcs-1.2.5.gemspec
I, [2014-04-14T01:03:09.918390 #2326]  INFO -- : 0:  thor (0.19.1) from /Users/eddie/.rvm/gems/ruby-2.1.0/specifications/thor-0.19.1.gemspec
I, [2014-04-14T01:03:09.918779 #2326]  INFO -- : 0:  railties (4.0.4) from /Users/eddie/.rvm/gems/ruby-2.1.0/specifications/railties-4.0.4.gemspec
I, [2014-04-14T01:03:09.919161 #2326]  INFO -- : 0:  hike (1.2.3) from /Users/eddie/.rvm/gems/ruby-2.1.0/specifications/hike-1.2.3.gemspec
I, [2014-04-14T01:03:09.919519 #2326]  INFO -- : 0:  tilt (1.4.1) from /Users/eddie/.rvm/gems/ruby-2.1.0/specifications/tilt-1.4.1.gemspec
I, [2014-04-14T01:03:09.919863 #2326]  INFO -- : 0:  sprockets (2.12.0) from /Users/eddie/.rvm/gems/ruby-2.1.0/specifications/sprockets-2.12.0.gemspec
I, [2014-04-14T01:03:09.920207 #2326]  INFO -- : 0:  sprockets-rails (2.0.1) from /Users/eddie/.rvm/gems/ruby-2.1.0/specifications/sprockets-rails-2.0.1.gemspec
I, [2014-04-14T01:03:09.920556 #2326]  INFO -- : 0:  rails (4.0.4) from /Users/eddie/.rvm/gems/ruby-2.1.0/specifications/rails-4.0.4.gemspec
I, [2014-04-14T01:03:09.949319 #2326]  INFO -- : 0:  esun (0.0.1) from /Users/eddie/Rails/gems/esun/esun.gemspec
I, [2014-04-14T01:03:09.949812 #2326]  INFO -- : 0:  rspec-core (2.14.8) from /Users/eddie/.rvm/gems/ruby-2.1.0/specifications/rspec-core-2.14.8.gemspec
I, [2014-04-14T01:03:09.950220 #2326]  INFO -- : 0:  rspec-expectations (2.14.5) from /Users/eddie/.rvm/gems/ruby-2.1.0/specifications/rspec-expectations-2.14.5.gemspec
I, [2014-04-14T01:03:09.951234 #2326]  INFO -- : 0:  rspec-mocks (2.14.6) from /Users/eddie/.rvm/gems/ruby-2.1.0/specifications/rspec-mocks-2.14.6.gemspec
I, [2014-04-14T01:03:09.952201 #2326]  INFO -- : 0:  rspec-rails (2.14.2) from /Users/eddie/.rvm/gems/ruby-2.1.0/specifications/rspec-rails-2.14.2.gemspec
I, [2014-04-14T01:04:37.224882 #2402]  INFO -- : 0:  rake (10.2.2) from /Users/eddie/.rvm/gems/ruby-2.1.0/specifications/rake-10.2.2.gemspec
I, [2014-04-14T01:04:37.225387 #2402]  INFO -- : 0:  i18n (0.6.9) from /Users/eddie/.rvm/gems/ruby-2.1.0/specifications/i18n-0.6.9.gemspec
I, [2014-04-14T01:04:37.225794 #2402]  INFO -- : 0:  minitest (4.7.5) from /Users/eddie/.rvm/rubies/ruby-2.1.0/lib/ruby/gems/2.1.0/specifications/default/minitest-4.7.5.gemspec
I, [2014-04-14T01:04:37.226209 #2402]  INFO -- : 0:  multi_json (1.9.2) from /Users/eddie/.rvm/gems/ruby-2.1.0/specifications/multi_json-1.9.2.gemspec
I, [2014-04-14T01:04:37.226574 #2402]  INFO -- : 0:  thread_safe (0.3.3) from /Users/eddie/.rvm/gems/ruby-2.1.0/specifications/thread_safe-0.3.3.gemspec
I, [2014-04-14T01:04:37.227009 #2402]  INFO -- : 0:  tzinfo (0.3.39) from /Users/eddie/.rvm/gems/ruby-2.1.0/specifications/tzinfo-0.3.39.gemspec
I, [2014-04-14T01:04:37.227388 #2402]  INFO -- : 0:  activesupport (4.0.4) from /Users/eddie/.rvm/gems/ruby-2.1.0/specifications/activesupport-4.0.4.gemspec
I, [2014-04-14T01:04:37.227746 #2402]  INFO -- : 0:  builder (3.1.4) from /Users/eddie/.rvm/gems/ruby-2.1.0/specifications/builder-3.1.4.gemspec
I, [2014-04-14T01:04:37.228105 #2402]  INFO -- : 0:  erubis (2.7.0) from /Users/eddie/.rvm/gems/ruby-2.1.0/specifications/erubis-2.7.0.gemspec
I, [2014-04-14T01:04:37.228633 #2402]  INFO -- : 0:  rack (1.5.2) from /Users/eddie/.rvm/gems/ruby-2.1.0/specifications/rack-1.5.2.gemspec
I, [2014-04-14T01:04:37.229110 #2402]  INFO -- : 0:  rack-test (0.6.2) from /Users/eddie/.rvm/gems/ruby-2.1.0/specifications/rack-test-0.6.2.gemspec
I, [2014-04-14T01:04:37.229703 #2402]  INFO -- : 0:  actionpack (4.0.4) from /Users/eddie/.rvm/gems/ruby-2.1.0/specifications/actionpack-4.0.4.gemspec
I, [2014-04-14T01:04:37.230166 #2402]  INFO -- : 0:  mime-types (1.25.1) from /Users/eddie/.rvm/gems/ruby-2.1.0/specifications/mime-types-1.25.1.gemspec
I, [2014-04-14T01:04:37.230481 #2402]  INFO -- : 0:  polyglot (0.3.4) from /Users/eddie/.rvm/gems/ruby-2.1.0/specifications/polyglot-0.3.4.gemspec
I, [2014-04-14T01:04:37.230780 #2402]  INFO -- : 0:  treetop (1.4.15) from /Users/eddie/.rvm/gems/ruby-2.1.0/specifications/treetop-1.4.15.gemspec
I, [2014-04-14T01:04:37.231069 #2402]  INFO -- : 0:  mail (2.5.4) from /Users/eddie/.rvm/gems/ruby-2.1.0/specifications/mail-2.5.4.gemspec
I, [2014-04-14T01:04:37.231546 #2402]  INFO -- : 0:  actionmailer (4.0.4) from /Users/eddie/.rvm/gems/ruby-2.1.0/specifications/actionmailer-4.0.4.gemspec
I, [2014-04-14T01:04:37.232155 #2402]  INFO -- : 0:  activemodel (4.0.4) from /Users/eddie/.rvm/gems/ruby-2.1.0/specifications/activemodel-4.0.4.gemspec
I, [2014-04-14T01:04:37.232703 #2402]  INFO -- : 0:  activerecord-deprecated_finders (1.0.3) from /Users/eddie/.rvm/gems/ruby-2.1.0/specifications/activerecord-deprecated_finders-1.0.3.gemspec
I, [2014-04-14T01:04:37.233273 #2402]  INFO -- : 0:  arel (4.0.2) from /Users/eddie/.rvm/gems/ruby-2.1.0/specifications/arel-4.0.2.gemspec
I, [2014-04-14T01:04:37.233854 #2402]  INFO -- : 0:  activerecord (4.0.4) from /Users/eddie/.rvm/gems/ruby-2.1.0/specifications/activerecord-4.0.4.gemspec
I, [2014-04-14T01:04:37.234297 #2402]  INFO -- : 0:  bundler (1.5.1) from /Users/eddie/.rvm/gems/ruby-2.1.0@global/specifications/bundler-1.5.1.gemspec
I, [2014-04-14T01:04:37.234739 #2402]  INFO -- : 0:  diff-lcs (1.2.5) from /Users/eddie/.rvm/gems/ruby-2.1.0/specifications/diff-lcs-1.2.5.gemspec
I, [2014-04-14T01:04:37.235215 #2402]  INFO -- : 0:  thor (0.19.1) from /Users/eddie/.rvm/gems/ruby-2.1.0/specifications/thor-0.19.1.gemspec
I, [2014-04-14T01:04:37.235617 #2402]  INFO -- : 0:  railties (4.0.4) from /Users/eddie/.rvm/gems/ruby-2.1.0/specifications/railties-4.0.4.gemspec
I, [2014-04-14T01:04:37.236010 #2402]  INFO -- : 0:  hike (1.2.3) from /Users/eddie/.rvm/gems/ruby-2.1.0/specifications/hike-1.2.3.gemspec
I, [2014-04-14T01:04:37.236365 #2402]  INFO -- : 0:  tilt (1.4.1) from /Users/eddie/.rvm/gems/ruby-2.1.0/specifications/tilt-1.4.1.gemspec
I, [2014-04-14T01:04:37.236724 #2402]  INFO -- : 0:  sprockets (2.12.0) from /Users/eddie/.rvm/gems/ruby-2.1.0/specifications/sprockets-2.12.0.gemspec
I, [2014-04-14T01:04:37.237098 #2402]  INFO -- : 0:  sprockets-rails (2.0.1) from /Users/eddie/.rvm/gems/ruby-2.1.0/specifications/sprockets-rails-2.0.1.gemspec
I, [2014-04-14T01:04:37.237459 #2402]  INFO -- : 0:  rails (4.0.4) from /Users/eddie/.rvm/gems/ruby-2.1.0/specifications/rails-4.0.4.gemspec
I, [2014-04-14T01:04:37.266187 #2402]  INFO -- : 0:  esun (0.0.1) from /Users/eddie/Rails/gems/esun/esun.gemspec
I, [2014-04-14T01:04:37.267142 #2402]  INFO -- : 0:  rspec-core (2.14.8) from /Users/eddie/.rvm/gems/ruby-2.1.0/specifications/rspec-core-2.14.8.gemspec
I, [2014-04-14T01:04:37.267871 #2402]  INFO -- : 0:  rspec-expectations (2.14.5) from /Users/eddie/.rvm/gems/ruby-2.1.0/specifications/rspec-expectations-2.14.5.gemspec
I, [2014-04-14T01:04:37.268602 #2402]  INFO -- : 0:  rspec-mocks (2.14.6) from /Users/eddie/.rvm/gems/ruby-2.1.0/specifications/rspec-mocks-2.14.6.gemspec
I, [2014-04-14T01:04:37.269131 #2402]  INFO -- : 0:  rspec (2.14.1) from /Users/eddie/.rvm/gems/ruby-2.1.0/specifications/rspec-2.14.1.gemspec
